 Please type name of .pdb file
 ../../glargin_pmL1_alt_conf_layers-delH.pdb                                                         
 PLEASE give pH value for calculation
        4010 atoms read from input PDB file.
          20 chains found.
First chain=B. Last chain=S.
   30 residues in chain B
   21 residues in chain A
   30 residues in chain D
   21 residues in chain C
   30 residues in chain F
   21 residues in chain E
   30 residues in chain H
   21 residues in chain G
   30 residues in chain J
   21 residues in chain I
   30 residues in chain L
   21 residues in chain K
   30 residues in chain N
   21 residues in chain M
   30 residues in chain P
   21 residues in chain O
   30 residues in chain R
   21 residues in chain Q
   30 residues in chain T
   21 residues in chain S
 Start calculating 1000 points on surface of unit sphere.
 Done calculating 1000 points on surface of unit sphere.
 Start assigning dot surface to each atom.
 Done assigning dot surface to each atom.
 Start initializing culprit array for dots.
 Finished initializing culprit array for dots.
 Start flagging interpenetrating surface dots.
 Done flagging interpenetrating surface dots.
Solvent Accessible Surface Area for chain B unfolded=   5388.2 angstroms squared.
Solvent Accessible Surface Area for chain A unfolded=   3657.5 angstroms squared.
Solvent Accessible Surface Area for chain D unfolded=   5390.9 angstroms squared.
Solvent Accessible Surface Area for chain C unfolded=   3657.1 angstroms squared.
Solvent Accessible Surface Area for chain F unfolded=   5390.2 angstroms squared.
Solvent Accessible Surface Area for chain E unfolded=   3650.5 angstroms squared.
Solvent Accessible Surface Area for chain H unfolded=   5395.8 angstroms squared.
Solvent Accessible Surface Area for chain G unfolded=   3656.3 angstroms squared.
Solvent Accessible Surface Area for chain J unfolded=   5389.9 angstroms squared.
Solvent Accessible Surface Area for chain I unfolded=   3657.1 angstroms squared.
Solvent Accessible Surface Area for chain L unfolded=   5388.1 angstroms squared.
Solvent Accessible Surface Area for chain K unfolded=   3658.5 angstroms squared.
Solvent Accessible Surface Area for chain N unfolded=   5398.0 angstroms squared.
Solvent Accessible Surface Area for chain M unfolded=   3653.2 angstroms squared.
Solvent Accessible Surface Area for chain P unfolded=   5394.9 angstroms squared.
Solvent Accessible Surface Area for chain O unfolded=   3654.8 angstroms squared.
Solvent Accessible Surface Area for chain R unfolded=   5392.2 angstroms squared.
Solvent Accessible Surface Area for chain Q unfolded=   3650.1 angstroms squared.
Solvent Accessible Surface Area for chain T unfolded=   5391.1 angstroms squared.
Solvent Accessible Surface Area for chain S unfolded=   3649.9 angstroms squared.
 Start initializing culprit array for atoms.
 Done initializing culprit array for atoms.
Solvent Accessible Surface Area for chain B in assembly=    595.2 angstroms squared.
Solvent Accessible Surface Area for chain A in assembly=    341.0 angstroms squared.
Solvent Accessible Surface Area for chain D in assembly=    592.9 angstroms squared.
Solvent Accessible Surface Area for chain C in assembly=    344.0 angstroms squared.
Solvent Accessible Surface Area for chain F in assembly=    592.9 angstroms squared.
Solvent Accessible Surface Area for chain E in assembly=    344.3 angstroms squared.
Solvent Accessible Surface Area for chain H in assembly=    618.9 angstroms squared.
Solvent Accessible Surface Area for chain G in assembly=    344.3 angstroms squared.
Solvent Accessible Surface Area for chain J in assembly=   1805.7 angstroms squared.
Solvent Accessible Surface Area for chain I in assembly=   1189.7 angstroms squared.
Solvent Accessible Surface Area for chain L in assembly=   1976.6 angstroms squared.
Solvent Accessible Surface Area for chain K in assembly=   1186.3 angstroms squared.
Solvent Accessible Surface Area for chain N in assembly=   1980.1 angstroms squared.
Solvent Accessible Surface Area for chain M in assembly=   1184.7 angstroms squared.
Solvent Accessible Surface Area for chain P in assembly=   1813.6 angstroms squared.
Solvent Accessible Surface Area for chain O in assembly=   1182.0 angstroms squared.
Solvent Accessible Surface Area for chain R in assembly=    634.4 angstroms squared.
Solvent Accessible Surface Area for chain Q in assembly=    341.5 angstroms squared.
Solvent Accessible Surface Area for chain T in assembly=    602.3 angstroms squared.
Solvent Accessible Surface Area for chain S in assembly=    339.8 angstroms squared.
Solvation free energy for chain B is  31546.7 cal/mol at pH  0.7 assuming charged if sasafold.gt. 20.0
Solvation free energy for chain A is  11536.3 cal/mol at pH  0.7 assuming charged if sasafold.gt. 20.0
Solvation free energy for chain D is  31623.6 cal/mol at pH  0.7 assuming charged if sasafold.gt. 20.0
Solvation free energy for chain C is  11457.8 cal/mol at pH  0.7 assuming charged if sasafold.gt. 20.0
Solvation free energy for chain F is  31639.0 cal/mol at pH  0.7 assuming charged if sasafold.gt. 20.0
Solvation free energy for chain E is  11297.7 cal/mol at pH  0.7 assuming charged if sasafold.gt. 20.0
Solvation free energy for chain H is  31774.4 cal/mol at pH  0.7 assuming charged if sasafold.gt. 20.0
Solvation free energy for chain G is  11339.0 cal/mol at pH  0.7 assuming charged if sasafold.gt. 20.0
Solvation free energy for chain J is  26189.9 cal/mol at pH  0.7 assuming charged if sasafold.gt. 20.0
Solvation free energy for chain I is   8650.9 cal/mol at pH  0.7 assuming charged if sasafold.gt. 20.0
Solvation free energy for chain L is  24200.4 cal/mol at pH  0.7 assuming charged if sasafold.gt. 20.0
Solvation free energy for chain K is   8785.3 cal/mol at pH  0.7 assuming charged if sasafold.gt. 20.0
Solvation free energy for chain N is  22940.1 cal/mol at pH  0.7 assuming charged if sasafold.gt. 20.0
Solvation free energy for chain M is   7309.2 cal/mol at pH  0.7 assuming charged if sasafold.gt. 20.0
Solvation free energy for chain P is  24831.0 cal/mol at pH  0.7 assuming charged if sasafold.gt. 20.0
Solvation free energy for chain O is   7414.0 cal/mol at pH  0.7 assuming charged if sasafold.gt. 20.0
Solvation free energy for chain R is  31647.9 cal/mol at pH  0.7 assuming charged if sasafold.gt. 20.0
Solvation free energy for chain Q is  11506.4 cal/mol at pH  0.7 assuming charged if sasafold.gt. 20.0
Solvation free energy for chain T is  31803.3 cal/mol at pH  0.7 assuming charged if sasafold.gt. 20.0
Solvation free energy for chain S is  11529.3 cal/mol at pH  0.7 assuming charged if sasafold.gt. 20.0
PAIRED CHARG+ B  10 HIS NE2 chrg=  0.0 sasa=  0.0 a.s.p.=-1.8
PAIRED CHARG- B  13 GLU OE2 chrg=  0.0 sasa=  0.0 a.s.p.=-1.8 distance=  4.0
PAIRED CHARG+ B  10 HIS NE2 chrg=  0.0 sasa=  0.0 a.s.p.=-1.8
PAIRED CHARG- A   4 GLU OE1 chrg=  0.0 sasa=  0.0 a.s.p.=-3.3 distance=  4.5
PAIRED CHARG+ B  10 HIS NE2 chrg=  0.0 sasa=  0.0 a.s.p.=-1.8
PAIRED CHARG- E   4 GLU OE1 chrg=  0.0 sasa=  0.0 a.s.p.=-2.7 distance=  4.3
PAIRED CHARG+ B  10 HIS ND1 chrg=  0.0 sasa=  0.0 a.s.p.=-0.8
PAIRED CHARG- B  13 GLU OE2 chrg=  0.0 sasa=  0.0 a.s.p.=-0.8 distance=  3.6
PAIRED CHARG+ B  10 HIS ND1 chrg=  0.0 sasa=  0.0 a.s.p.=-0.8
PAIRED CHARG- B  13 GLU OE1 chrg=  0.0 sasa=  0.5 a.s.p.=-2.4 distance=  4.2
PAIRED CHARG+ B  10 HIS ND1 chrg=  0.0 sasa=  0.0 a.s.p.=-0.0
PAIRED CHARG- R  13 GLU OE2 chrg=  0.0 sasa=  0.0 a.s.p.=-0.0 distance=  2.7
PAIRED CHARG+ B  10 HIS ND1 chrg=  0.0 sasa=  0.0 a.s.p.=-0.0
PAIRED CHARG- R  13 GLU OE1 chrg=  0.0 sasa=  0.9 a.s.p.=-3.1 distance=  4.4
PAIRED CHARG+ B  22 ARG NE  chrg=  0.0 sasa=  0.0 a.s.p.=-0.6
PAIRED CHARG- B  21 GLU OE2 chrg=  0.0 sasa=  0.4 a.s.p.=-0.6 distance=  3.5
PAIRED CHARG+ B  22 ARG NH1 chrg=  0.0 sasa=  9.5 a.s.p.=-0.0
PAIRED CHARG- B  21 GLU OE2 chrg=  0.0 sasa=  0.4 a.s.p.=-0.0 distance=  2.8
PAIRED CHARG+ B  29 LYS NZ  chrg=  0.0 sasa=  3.8 a.s.p.=-1.8
PAIRED CHARG- A  17 GLU OE1 chrg=  0.0 sasa=  0.3 a.s.p.=-1.8 distance=  4.0
PAIRED CHARG+ B  29 LYS NZ  chrg=  0.0 sasa=  3.8 a.s.p.=-0.0
PAIRED CHARG- A  17 GLU OE2 chrg=  0.0 sasa= 11.6 a.s.p.=-0.0 distance=  2.7
PAIRED CHARG+ D  10 HIS NE2 chrg=  0.0 sasa=  0.0 a.s.p.=-2.1
PAIRED CHARG- D  13 GLU OE2 chrg=  0.0 sasa=  0.0 a.s.p.=-2.1 distance=  4.1
PAIRED CHARG+ D  10 HIS NE2 chrg=  0.0 sasa=  0.0 a.s.p.=-2.1
PAIRED CHARG- C   4 GLU OE1 chrg=  0.0 sasa=  0.0 a.s.p.=-2.9 distance=  4.4
PAIRED CHARG+ D  10 HIS NE2 chrg=  0.0 sasa=  0.0 a.s.p.=-2.1
PAIRED CHARG- G   4 GLU OE1 chrg=  0.0 sasa=  0.0 a.s.p.=-2.6 distance=  4.3
PAIRED CHARG+ D  10 HIS ND1 chrg=  0.0 sasa=  0.0 a.s.p.=-0.8
PAIRED CHARG- D  13 GLU OE2 chrg=  0.0 sasa=  0.0 a.s.p.=-0.8 distance=  3.6
PAIRED CHARG+ D  10 HIS ND1 chrg=  0.0 sasa=  0.0 a.s.p.=-0.8
PAIRED CHARG- D  13 GLU OE1 chrg=  0.0 sasa=  0.8 a.s.p.=-1.9 distance=  4.1
PAIRED CHARG+ D  10 HIS ND1 chrg=  0.0 sasa=  0.0 a.s.p.=-0.0
PAIRED CHARG- T  13 GLU OE2 chrg=  0.0 sasa=  0.0 a.s.p.=-0.0 distance=  2.7
PAIRED CHARG+ D  10 HIS ND1 chrg=  0.0 sasa=  0.0 a.s.p.=-0.0
PAIRED CHARG- T  13 GLU OE1 chrg=  0.0 sasa=  0.9 a.s.p.=-3.0 distance=  4.4
PAIRED CHARG+ D  22 ARG NE  chrg=  0.0 sasa=  0.0 a.s.p.=-0.5
PAIRED CHARG- D  21 GLU OE2 chrg=  0.0 sasa=  0.4 a.s.p.=-0.5 distance=  3.5
PAIRED CHARG+ D  22 ARG NH1 chrg=  0.0 sasa= 10.4 a.s.p.=-0.0
PAIRED CHARG- D  21 GLU OE2 chrg=  0.0 sasa=  0.4 a.s.p.=-0.0 distance=  2.8
PAIRED CHARG+ D  29 LYS NZ  chrg=  0.0 sasa=  3.2 a.s.p.=-1.6
PAIRED CHARG- C  17 GLU OE1 chrg=  0.0 sasa=  0.3 a.s.p.=-1.6 distance=  4.0
PAIRED CHARG+ D  29 LYS NZ  chrg=  0.0 sasa=  3.2 a.s.p.=-0.0
PAIRED CHARG- C  17 GLU OE2 chrg=  0.0 sasa= 12.8 a.s.p.=-0.0 distance=  2.7
PAIRED CHARG+ F  10 HIS NE2 chrg=  0.0 sasa=  0.0 a.s.p.=-1.8
PAIRED CHARG- F  13 GLU OE2 chrg=  0.0 sasa=  0.1 a.s.p.=-1.8 distance=  4.0
PAIRED CHARG+ F  10 HIS NE2 chrg=  0.0 sasa=  0.0 a.s.p.=-1.8
PAIRED CHARG- E   4 GLU OE1 chrg=  0.0 sasa=  0.0 a.s.p.=-2.5 distance=  4.3
PAIRED CHARG+ F  10 HIS ND1 chrg=  0.0 sasa=  0.0 a.s.p.=-0.0
PAIRED CHARG- B  13 GLU OE2 chrg=  0.0 sasa=  0.0 a.s.p.=-0.0 distance=  2.7
PAIRED CHARG+ F  10 HIS ND1 chrg=  0.0 sasa=  0.0 a.s.p.=-0.0
PAIRED CHARG- B  13 GLU OE1 chrg=  0.0 sasa=  0.5 a.s.p.=-2.4 distance=  4.5
PAIRED CHARG+ F  10 HIS ND1 chrg=  0.0 sasa=  0.0 a.s.p.=-0.0
PAIRED CHARG- F  13 GLU OE2 chrg=  0.0 sasa=  0.1 a.s.p.=-0.9 distance=  3.7
PAIRED CHARG+ F  10 HIS ND1 chrg=  0.0 sasa=  0.0 a.s.p.=-0.0
PAIRED CHARG- F  13 GLU OE1 chrg=  0.0 sasa=  0.7 a.s.p.=-2.0 distance=  4.1
PAIRED CHARG+ F  22 ARG NE  chrg=  0.0 sasa=  0.0 a.s.p.=-0.5
PAIRED CHARG- F  21 GLU OE2 chrg=  0.0 sasa=  0.4 a.s.p.=-0.5 distance=  3.5
PAIRED CHARG+ F  22 ARG NH1 chrg=  0.0 sasa=  9.3 a.s.p.=-0.0
PAIRED CHARG- F  21 GLU OE2 chrg=  0.0 sasa=  0.4 a.s.p.=-0.0 distance=  2.8
PAIRED CHARG+ F  29 LYS NZ  chrg=  0.0 sasa=  3.8 a.s.p.=-1.6
PAIRED CHARG- E  17 GLU OE1 chrg=  0.0 sasa=  0.2 a.s.p.=-1.6 distance=  4.0
PAIRED CHARG+ F  29 LYS NZ  chrg=  0.0 sasa=  3.8 a.s.p.=-0.0
PAIRED CHARG- E  17 GLU OE2 chrg=  0.0 sasa= 11.5 a.s.p.=-0.0 distance=  2.7
PAIRED CHARG+ H  10 HIS NE2 chrg=  0.0 sasa=  0.0 a.s.p.=-1.9
PAIRED CHARG- H  13 GLU OE2 chrg=  0.0 sasa=  0.0 a.s.p.=-1.9 distance=  4.1
PAIRED CHARG+ H  10 HIS NE2 chrg=  0.0 sasa=  0.0 a.s.p.=-1.9
PAIRED CHARG- G   4 GLU OE1 chrg=  0.0 sasa=  0.0 a.s.p.=-2.5 distance=  4.3
PAIRED CHARG+ H  10 HIS ND1 chrg=  0.0 sasa=  0.0 a.s.p.=-0.0
PAIRED CHARG- D  13 GLU OE2 chrg=  0.0 sasa=  0.0 a.s.p.=-0.0 distance=  2.7
PAIRED CHARG+ H  10 HIS ND1 chrg=  0.0 sasa=  0.0 a.s.p.=-0.0
PAIRED CHARG- D  13 GLU OE1 chrg=  0.0 sasa=  0.8 a.s.p.=-1.9 distance=  4.4
PAIRED CHARG+ H  10 HIS ND1 chrg=  0.0 sasa=  0.0 a.s.p.=-0.0
PAIRED CHARG- H  13 GLU OE2 chrg=  0.0 sasa=  0.0 a.s.p.=-0.9 distance=  3.7
PAIRED CHARG+ H  10 HIS ND1 chrg=  0.0 sasa=  0.0 a.s.p.=-0.0
PAIRED CHARG- H  13 GLU OE1 chrg=  0.0 sasa=  0.3 a.s.p.=-1.9 distance=  4.1
PAIRED CHARG+ H  22 ARG NE  chrg=  0.0 sasa=  0.0 a.s.p.=-0.3
PAIRED CHARG- H  21 GLU OE2 chrg=  0.0 sasa=  3.5 a.s.p.=-0.3 distance=  3.3
PAIRED CHARG+ H  22 ARG NH1 chrg=  0.0 sasa= 19.2 a.s.p.=-0.0
PAIRED CHARG- H  21 GLU OE2 chrg=  0.0 sasa=  3.5 a.s.p.=-0.0 distance=  2.7
PAIRED CHARG+ H  29 LYS NZ  chrg=  0.0 sasa=  3.2 a.s.p.=-1.5
PAIRED CHARG- G  17 GLU OE1 chrg=  0.0 sasa=  0.3 a.s.p.=-1.5 distance=  3.9
PAIRED CHARG+ H  29 LYS NZ  chrg=  0.0 sasa=  3.2 a.s.p.=-0.0
PAIRED CHARG- G  17 GLU OE2 chrg=  0.0 sasa= 12.6 a.s.p.=-0.0 distance=  2.7
PAIRED CHARG+ J  10 HIS NE2 chrg=  0.0 sasa= 16.6 a.s.p.=-2.4
PAIRED CHARG- J  13 GLU OE2 chrg=  0.0 sasa= 29.9 a.s.p.=-2.4 distance=  4.2
PAIRED CHARG+ J  10 HIS NE2 chrg=  0.0 sasa= 16.6 a.s.p.=-1.9
PAIRED CHARG- I   4 GLU OE1 chrg=  0.0 sasa= 11.0 a.s.p.=-1.9 distance=  4.1
PAIRED CHARG+ J  10 HIS ND1 chrg=  0.0 sasa=  0.0 a.s.p.=-0.0
PAIRED CHARG- F  13 GLU OE2 chrg=  0.0 sasa=  0.1 a.s.p.=-0.0 distance=  2.7
PAIRED CHARG+ J  10 HIS ND1 chrg=  0.0 sasa=  0.0 a.s.p.=-0.0
PAIRED CHARG- F  13 GLU OE1 chrg=  0.0 sasa=  0.7 a.s.p.=-2.0 distance=  4.4
PAIRED CHARG+ J  10 HIS ND1 chrg=  0.0 sasa=  0.0 a.s.p.=-0.0
PAIRED CHARG- J  13 GLU OE2 chrg=  0.0 sasa= 29.9 a.s.p.=-1.5 distance=  3.9
PAIRED CHARG+ J  10 HIS ND1 chrg=  0.0 sasa=  0.0 a.s.p.=-0.0
PAIRED CHARG- J  13 GLU OE1 chrg=  0.0 sasa= 17.5 a.s.p.=-2.3 distance=  4.2
PAIRED CHARG+ J  22 ARG NE  chrg=  0.0 sasa=  3.2 a.s.p.=-0.4
PAIRED CHARG- J  21 GLU OE2 chrg=  0.0 sasa= 15.2 a.s.p.=-0.4 distance=  3.4
PAIRED CHARG+ J  22 ARG NH1 chrg=  0.0 sasa= 34.2 a.s.p.=-0.0
PAIRED CHARG- J  21 GLU OE2 chrg=  0.0 sasa= 15.2 a.s.p.=-0.0 distance=  2.8
PAIRED CHARG+ J  29 LYS NZ  chrg=  0.0 sasa=  3.6 a.s.p.=-1.3
PAIRED CHARG- I  17 GLU OE1 chrg=  0.0 sasa=  0.5 a.s.p.=-1.3 distance=  3.9
PAIRED CHARG+ J  29 LYS NZ  chrg=  0.0 sasa=  3.6 a.s.p.=-0.0
PAIRED CHARG- I  17 GLU OE2 chrg=  0.0 sasa= 19.6 a.s.p.=-0.0 distance=  2.7
PAIRED CHARG+ L  10 HIS NE2 chrg=  0.0 sasa= 16.2 a.s.p.=-2.8
PAIRED CHARG- L  13 GLU OE2 chrg=  0.0 sasa= 30.1 a.s.p.=-2.8 distance=  4.4
PAIRED CHARG+ L  10 HIS NE2 chrg=  0.0 sasa= 16.2 a.s.p.=-2.0
PAIRED CHARG- K   4 GLU OE1 chrg=  0.0 sasa= 11.0 a.s.p.=-2.0 distance=  4.1
PAIRED CHARG+ L  10 HIS ND1 chrg=  0.0 sasa=  0.0 a.s.p.=-0.0
PAIRED CHARG- H  13 GLU OE2 chrg=  0.0 sasa=  0.0 a.s.p.=-0.0 distance=  2.7
PAIRED CHARG+ L  10 HIS ND1 chrg=  0.0 sasa=  0.0 a.s.p.=-0.0
PAIRED CHARG- H  13 GLU OE1 chrg=  0.0 sasa=  0.3 a.s.p.=-1.9 distance=  4.4
PAIRED CHARG+ L  10 HIS ND1 chrg=  0.0 sasa=  0.0 a.s.p.=-0.0
PAIRED CHARG- L  13 GLU OE2 chrg=  0.0 sasa= 30.1 a.s.p.=-1.7 distance=  4.0
PAIRED CHARG+ L  10 HIS ND1 chrg=  0.0 sasa=  0.0 a.s.p.=-0.0
PAIRED CHARG- L  13 GLU OE1 chrg=  0.0 sasa= 17.0 a.s.p.=-2.4 distance=  4.2
PAIRED CHARG+ L  22 ARG NE  chrg=  0.0 sasa=  3.1 a.s.p.=-0.3
PAIRED CHARG- L  21 GLU OE2 chrg=  0.0 sasa= 17.2 a.s.p.=-0.3 distance=  3.3
PAIRED CHARG+ L  22 ARG NH1 chrg=  0.0 sasa= 35.6 a.s.p.=-0.0
PAIRED CHARG- L  21 GLU OE2 chrg=  0.0 sasa= 17.2 a.s.p.=-0.0 distance=  2.7
PAIRED CHARG+ L  29 LYS NZ  chrg=  0.0 sasa=  3.5 a.s.p.=-1.4
PAIRED CHARG- K  17 GLU OE1 chrg=  0.0 sasa=  0.4 a.s.p.=-1.4 distance=  3.9
PAIRED CHARG+ L  29 LYS NZ  chrg=  0.0 sasa=  3.5 a.s.p.=-0.0
PAIRED CHARG- K  17 GLU OE2 chrg=  0.0 sasa= 19.5 a.s.p.=-0.0 distance=  2.7
PAIRED CHARG+ N  10 HIS NE2 chrg=  0.0 sasa=  0.0 a.s.p.=-1.8
PAIRED CHARG- N  13 GLU OE2 chrg=  0.0 sasa=  0.0 a.s.p.=-1.8 distance=  4.1
PAIRED CHARG+ N  10 HIS NE2 chrg=  0.0 sasa=  0.0 a.s.p.=-1.8
PAIRED CHARG- M   4 GLU OE1 chrg=  0.0 sasa=  1.2 a.s.p.=-2.9 distance=  4.4
PAIRED CHARG+ N  10 HIS NE2 chrg=  0.0 sasa=  0.0 a.s.p.=-1.8
PAIRED CHARG- Q   4 GLU OE1 chrg=  0.0 sasa=  0.0 a.s.p.=-1.8 distance=  4.0
PAIRED CHARG+ N  10 HIS ND1 chrg=  0.0 sasa= 18.7 a.s.p.=-0.7
PAIRED CHARG- N  13 GLU OE2 chrg=  0.0 sasa=  0.0 a.s.p.=-0.7 distance=  3.6
PAIRED CHARG+ N  10 HIS ND1 chrg=  0.0 sasa= 18.7 a.s.p.=-0.7
PAIRED CHARG- N  13 GLU OE1 chrg=  0.0 sasa=  2.7 a.s.p.=-1.5 distance=  3.9
PAIRED CHARG+ N  22 ARG NE  chrg=  0.0 sasa=  2.1 a.s.p.=-0.6
PAIRED CHARG- N  21 GLU OE2 chrg=  0.0 sasa=  1.4 a.s.p.=-0.6 distance=  3.5
PAIRED CHARG+ N  22 ARG NH1 chrg=  0.0 sasa= 13.0 a.s.p.=-0.0
PAIRED CHARG- N  21 GLU OE2 chrg=  0.0 sasa=  1.4 a.s.p.=-0.0 distance=  2.8
PAIRED CHARG+ N  29 LYS NZ  chrg=  0.0 sasa= 17.4 a.s.p.=-2.0
PAIRED CHARG- M  17 GLU OE1 chrg=  0.0 sasa= 14.0 a.s.p.=-2.0 distance=  4.1
PAIRED CHARG+ N  29 LYS NZ  chrg=  0.0 sasa= 17.4 a.s.p.=-0.0
PAIRED CHARG- M  17 GLU OE2 chrg=  0.0 sasa= 12.7 a.s.p.=-0.0 distance=  2.8
PAIRED CHARG+ P  10 HIS NE2 chrg=  0.0 sasa=  0.1 a.s.p.=-1.7
PAIRED CHARG- P  13 GLU OE2 chrg=  0.0 sasa=  0.0 a.s.p.=-1.7 distance=  4.0
PAIRED CHARG+ P  10 HIS NE2 chrg=  0.0 sasa=  0.1 a.s.p.=-1.7
PAIRED CHARG- O   4 GLU OE1 chrg=  0.0 sasa=  0.8 a.s.p.=-3.0 distance=  4.4
PAIRED CHARG+ P  10 HIS NE2 chrg=  0.0 sasa=  0.1 a.s.p.=-1.7
PAIRED CHARG- S   4 GLU OE1 chrg=  0.0 sasa=  0.0 a.s.p.=-2.2 distance=  4.2
PAIRED CHARG+ P  10 HIS ND1 chrg=  0.0 sasa= 18.0 a.s.p.=-0.6
PAIRED CHARG- P  13 GLU OE2 chrg=  0.0 sasa=  0.0 a.s.p.=-0.6 distance=  3.5
PAIRED CHARG+ P  10 HIS ND1 chrg=  0.0 sasa= 18.0 a.s.p.=-0.6
PAIRED CHARG- P  13 GLU OE1 chrg=  0.0 sasa=  3.2 a.s.p.=-1.2 distance=  3.8
PAIRED CHARG+ P  22 ARG NE  chrg=  0.0 sasa=  2.3 a.s.p.=-0.5
PAIRED CHARG- P  21 GLU OE2 chrg=  0.0 sasa=  1.6 a.s.p.=-0.5 distance=  3.5
PAIRED CHARG+ P  22 ARG NH1 chrg=  0.0 sasa= 16.5 a.s.p.=-0.0
PAIRED CHARG- P  21 GLU OE2 chrg=  0.0 sasa=  1.6 a.s.p.=-0.0 distance=  2.8
PAIRED CHARG+ P  29 LYS NZ  chrg=  0.0 sasa= 18.4 a.s.p.=-2.0
PAIRED CHARG- O  17 GLU OE1 chrg=  0.0 sasa= 14.5 a.s.p.=-2.0 distance=  4.1
PAIRED CHARG+ P  29 LYS NZ  chrg=  0.0 sasa= 18.4 a.s.p.=-0.0
PAIRED CHARG- O  17 GLU OE2 chrg=  0.0 sasa= 13.6 a.s.p.=-0.0 distance=  2.8
PAIRED CHARG+ R  10 HIS NE2 chrg=  0.0 sasa=  0.0 a.s.p.=-2.1
PAIRED CHARG- A   4 GLU OE1 chrg=  0.0 sasa=  0.0 a.s.p.=-2.1 distance=  4.2
PAIRED CHARG+ R  10 HIS NE2 chrg=  0.0 sasa=  0.0 a.s.p.=-2.1
PAIRED CHARG- R  13 GLU OE2 chrg=  0.0 sasa=  0.0 a.s.p.=-0.0 distance=  4.1
PAIRED CHARG+ R  10 HIS ND1 chrg=  0.0 sasa=  0.0 a.s.p.=-0.0
PAIRED CHARG- N  13 GLU OE2 chrg=  0.0 sasa=  0.0 a.s.p.=-0.0 distance=  2.7
PAIRED CHARG+ R  10 HIS ND1 chrg=  0.0 sasa=  0.0 a.s.p.=-0.0
PAIRED CHARG- R  13 GLU OE2 chrg=  0.0 sasa=  0.0 a.s.p.=-0.0 distance=  3.6
PAIRED CHARG+ R  10 HIS ND1 chrg=  0.0 sasa=  0.0 a.s.p.=-0.0
PAIRED CHARG- R  13 GLU OE1 chrg=  0.0 sasa=  0.9 a.s.p.=-1.9 distance=  4.1
PAIRED CHARG+ R  22 ARG NE  chrg=  0.0 sasa=  0.0 a.s.p.=-0.6
PAIRED CHARG- R  21 GLU OE2 chrg=  0.0 sasa=  0.4 a.s.p.=-0.6 distance=  3.5
PAIRED CHARG+ R  22 ARG NH1 chrg=  0.0 sasa=  9.5 a.s.p.=-0.0
PAIRED CHARG- R  21 GLU OE2 chrg=  0.0 sasa=  0.4 a.s.p.=-0.0 distance=  2.8
PAIRED CHARG+ R  29 LYS NZ  chrg=  0.0 sasa=  3.6 a.s.p.=-1.6
PAIRED CHARG- Q  17 GLU OE1 chrg=  0.0 sasa=  0.3 a.s.p.=-1.6 distance=  4.0
PAIRED CHARG+ R  29 LYS NZ  chrg=  0.0 sasa=  3.6 a.s.p.=-0.0
PAIRED CHARG- Q  17 GLU OE2 chrg=  0.0 sasa= 11.9 a.s.p.=-0.0 distance=  2.7
PAIRED CHARG+ T  10 HIS NE2 chrg=  0.0 sasa=  0.0 a.s.p.=-2.3
PAIRED CHARG- C   4 GLU OE1 chrg=  0.0 sasa=  0.0 a.s.p.=-2.3 distance=  4.2
PAIRED CHARG+ T  10 HIS NE2 chrg=  0.0 sasa=  0.0 a.s.p.=-2.1
PAIRED CHARG- T  13 GLU OE2 chrg=  0.0 sasa=  0.0 a.s.p.=-0.0 distance=  4.2
PAIRED CHARG+ T  10 HIS NE2 chrg=  0.0 sasa=  0.0 a.s.p.=-2.1
PAIRED CHARG- S   4 GLU OE1 chrg=  0.0 sasa=  0.0 a.s.p.=-2.2 distance=  4.5
PAIRED CHARG+ T  10 HIS ND1 chrg=  0.0 sasa=  0.0 a.s.p.=-0.0
PAIRED CHARG- P  13 GLU OE2 chrg=  0.0 sasa=  0.0 a.s.p.=-0.0 distance=  2.7
PAIRED CHARG+ T  10 HIS ND1 chrg=  0.0 sasa=  0.0 a.s.p.=-0.0
PAIRED CHARG- T  13 GLU OE2 chrg=  0.0 sasa=  0.0 a.s.p.=-0.0 distance=  3.6
PAIRED CHARG+ T  10 HIS ND1 chrg=  0.0 sasa=  0.0 a.s.p.=-0.0
PAIRED CHARG- T  13 GLU OE1 chrg=  0.0 sasa=  0.9 a.s.p.=-1.8 distance=  4.0
PAIRED CHARG+ T  22 ARG NE  chrg=  0.0 sasa=  0.0 a.s.p.=-0.5
PAIRED CHARG- T  21 GLU OE2 chrg=  0.0 sasa=  1.3 a.s.p.=-0.5 distance=  3.5
PAIRED CHARG+ T  22 ARG NH1 chrg=  0.0 sasa= 12.7 a.s.p.=-0.0
PAIRED CHARG- T  21 GLU OE2 chrg=  0.0 sasa=  1.3 a.s.p.=-0.0 distance=  2.8
PAIRED CHARG+ T  29 LYS NZ  chrg=  0.0 sasa=  3.5 a.s.p.=-1.6
PAIRED CHARG- S  17 GLU OE1 chrg=  0.0 sasa=  0.4 a.s.p.=-1.6 distance=  4.0
PAIRED CHARG+ T  29 LYS NZ  chrg=  0.0 sasa=  3.5 a.s.p.=-0.0
PAIRED CHARG- S  17 GLU OE2 chrg=  0.0 sasa= 12.6 a.s.p.=-0.0 distance=  2.7
BINUC CHARGE+ B   5 HIS NE2 chrg=  1.0 abu= 11.4 less buried part of binuclear base unpaired
BINUC CHARGE0 B   5 HIS ND1 chrg=  0.0 abu= 16.4 more buried part of binuclear base unpaired
BINUC NEUTRAL B  21 GLU OE1 chrg=  0.0 because binuclear mate B  21 GLU OE2 chrg=  0.0 is in ionpair
TRNUC NEUTRAL B  22 ARG NH1 chrg=  0.0 bcause trinuclear mate B  22 ARG NE  chrg=  0.0 is in ionpair
TRNUC NEUTRAL B  22 ARG NH2 chrg=  0.0 bcause trinuclear mate B  22 ARG NE  chrg=  0.0 is in ionpair
BINUC NEUTRAL A   4 GLU OE2 chrg=  0.0 because binuclear mate A   4 GLU OE1 chrg=  0.0 is in ionpair
BINUC CHARGE+ D   5 HIS NE2 chrg=  1.0 abu= 12.4 less buried part of binuclear base unpaired
BINUC CHARGE0 D   5 HIS ND1 chrg=  0.0 abu= 16.4 more buried part of binuclear base unpaired
BINUC NEUTRAL D  21 GLU OE1 chrg=  0.0 because binuclear mate D  21 GLU OE2 chrg=  0.0 is in ionpair
TRNUC NEUTRAL D  22 ARG NH1 chrg=  0.0 bcause trinuclear mate D  22 ARG NE  chrg=  0.0 is in ionpair
TRNUC NEUTRAL D  22 ARG NH2 chrg=  0.0 bcause trinuclear mate D  22 ARG NE  chrg=  0.0 is in ionpair
BINUC NEUTRAL C   4 GLU OE2 chrg=  0.0 because binuclear mate C   4 GLU OE1 chrg=  0.0 is in ionpair
BINUC CHARGE+ F   5 HIS NE2 chrg=  1.0 abu= 12.8 less buried part of binuclear base unpaired
BINUC CHARGE0 F   5 HIS ND1 chrg=  0.0 abu= 16.6 more buried part of binuclear base unpaired
BINUC NEUTRAL F  21 GLU OE1 chrg=  0.0 because binuclear mate F  21 GLU OE2 chrg=  0.0 is in ionpair
TRNUC NEUTRAL F  22 ARG NH1 chrg=  0.0 bcause trinuclear mate F  22 ARG NE  chrg=  0.0 is in ionpair
TRNUC NEUTRAL F  22 ARG NH2 chrg=  0.0 bcause trinuclear mate F  22 ARG NE  chrg=  0.0 is in ionpair
BINUC NEUTRAL E   4 GLU OE2 chrg=  0.0 because binuclear mate E   4 GLU OE1 chrg=  0.0 is in ionpair
BINUC CHARGE+ H   5 HIS NE2 chrg=  1.0 abu= 12.4 less buried part of binuclear base unpaired
BINUC CHARGE0 H   5 HIS ND1 chrg=  0.0 abu= 16.5 more buried part of binuclear base unpaired
BINUC NEUTRAL H  21 GLU OE1 chrg=  0.0 because binuclear mate H  21 GLU OE2 chrg=  0.0 is in ionpair
TRNUC NEUTRAL H  22 ARG NH1 chrg=  0.0 bcause trinuclear mate H  22 ARG NE  chrg=  0.0 is in ionpair
TRNUC NEUTRAL H  22 ARG NH2 chrg=  0.0 bcause trinuclear mate H  22 ARG NE  chrg=  0.0 is in ionpair
BINUC NEUTRAL G   4 GLU OE2 chrg=  0.0 because binuclear mate G   4 GLU OE1 chrg=  0.0 is in ionpair
BINUC CHARGE+ J   5 HIS ND1 chrg=  1.0 abu=  9.3 less buried part of binuclear base unpaired
BINUC CHARGE0 J   5 HIS NE2 chrg=  0.0 abu= 12.2 more buried part of binuclear base unpaired
BINUC NEUTRAL J  21 GLU OE1 chrg=  0.0 because binuclear mate J  21 GLU OE2 chrg=  0.0 is in ionpair
TRNUC NEUTRAL J  22 ARG NH1 chrg=  0.0 bcause trinuclear mate J  22 ARG NE  chrg=  0.0 is in ionpair
TRNUC NEUTRAL J  22 ARG NH2 chrg=  0.0 bcause trinuclear mate J  22 ARG NE  chrg=  0.0 is in ionpair
BINUC NEUTRAL I   4 GLU OE2 chrg=  0.0 because binuclear mate I   4 GLU OE1 chrg=  0.0 is in ionpair
BINUC CHARGE+ L   5 HIS ND1 chrg=  1.0 abu=  9.0 less buried part of binuclear base unpaired
BINUC CHARGE0 L   5 HIS NE2 chrg=  0.0 abu= 12.2 more buried part of binuclear base unpaired
BINUC NEUTRAL L  21 GLU OE1 chrg=  0.0 because binuclear mate L  21 GLU OE2 chrg=  0.0 is in ionpair
TRNUC NEUTRAL L  22 ARG NH1 chrg=  0.0 bcause trinuclear mate L  22 ARG NE  chrg=  0.0 is in ionpair
TRNUC NEUTRAL L  22 ARG NH2 chrg=  0.0 bcause trinuclear mate L  22 ARG NE  chrg=  0.0 is in ionpair
BINUC NEUTRAL K   4 GLU OE2 chrg=  0.0 because binuclear mate K   4 GLU OE1 chrg=  0.0 is in ionpair
BINUC CHARGE+ N   5 HIS NE2 chrg=  1.0 abu=  0.0 less buried part of binuclear base unpaired
BINUC CHARGE0 N   5 HIS ND1 chrg=  0.0 abu= 15.0 more buried part of binuclear base unpaired
BINUC NEUTRAL N  21 GLU OE1 chrg=  0.0 because binuclear mate N  21 GLU OE2 chrg=  0.0 is in ionpair
TRNUC NEUTRAL N  22 ARG NH1 chrg=  0.0 bcause trinuclear mate N  22 ARG NE  chrg=  0.0 is in ionpair
TRNUC NEUTRAL N  22 ARG NH2 chrg=  0.0 bcause trinuclear mate N  22 ARG NE  chrg=  0.0 is in ionpair
BINUC NEUTRAL M   4 GLU OE2 chrg=  0.0 because binuclear mate M   4 GLU OE1 chrg=  0.0 is in ionpair
BINUC CHARGE+ P   5 HIS NE2 chrg=  1.0 abu=  0.0 less buried part of binuclear base unpaired
BINUC CHARGE0 P   5 HIS ND1 chrg=  0.0 abu= 15.6 more buried part of binuclear base unpaired
BINUC NEUTRAL P  21 GLU OE1 chrg=  0.0 because binuclear mate P  21 GLU OE2 chrg=  0.0 is in ionpair
TRNUC NEUTRAL P  22 ARG NH1 chrg=  0.0 bcause trinuclear mate P  22 ARG NE  chrg=  0.0 is in ionpair
TRNUC NEUTRAL P  22 ARG NH2 chrg=  0.0 bcause trinuclear mate P  22 ARG NE  chrg=  0.0 is in ionpair
BINUC NEUTRAL O   4 GLU OE2 chrg=  0.0 because binuclear mate O   4 GLU OE1 chrg=  0.0 is in ionpair
BINUC CHARGE+ R   5 HIS NE2 chrg=  1.0 abu= 11.2 less buried part of binuclear base unpaired
BINUC CHARGE0 R   5 HIS ND1 chrg=  0.0 abu= 16.4 more buried part of binuclear base unpaired
BINUC NEUTRAL R  21 GLU OE1 chrg=  0.0 because binuclear mate R  21 GLU OE2 chrg=  0.0 is in ionpair
TRNUC NEUTRAL R  22 ARG NH1 chrg=  0.0 bcause trinuclear mate R  22 ARG NE  chrg=  0.0 is in ionpair
TRNUC NEUTRAL R  22 ARG NH2 chrg=  0.0 bcause trinuclear mate R  22 ARG NE  chrg=  0.0 is in ionpair
BINUC NEUTRAL Q   4 GLU OE2 chrg=  0.0 because binuclear mate Q   4 GLU OE1 chrg=  0.0 is in ionpair
BINUC CHARGE+ T   5 HIS NE2 chrg=  1.0 abu= 11.4 less buried part of binuclear base unpaired
BINUC CHARGE0 T   5 HIS ND1 chrg=  0.0 abu= 16.3 more buried part of binuclear base unpaired
BINUC NEUTRAL T  21 GLU OE1 chrg=  0.0 because binuclear mate T  21 GLU OE2 chrg=  0.0 is in ionpair
TRNUC NEUTRAL T  22 ARG NH1 chrg=  0.0 bcause trinuclear mate T  22 ARG NE  chrg=  0.0 is in ionpair
TRNUC NEUTRAL T  22 ARG NH2 chrg=  0.0 bcause trinuclear mate T  22 ARG NE  chrg=  0.0 is in ionpair
BINUC NEUTRAL S   4 GLU OE2 chrg=  0.0 because binuclear mate S   4 GLU OE1 chrg=  0.0 is in ionpair
         510  residues total among all chains.
  1A   2C   0D   2E   3F   3G   2H   0I   1K   4L   0M   1N   1P   1Q   1R   1S   2T   3V   0W   2Y
  0A   4C   0D   2E   0F   2G   0H   2I   0K   2L   0M   1N   0P   2Q   0R   2S   1T   1V   0W   2Y
  1A   2C   0D   2E   3F   3G   2H   0I   1K   4L   0M   1N   1P   1Q   1R   1S   2T   3V   0W   2Y
  0A   4C   0D   2E   0F   2G   0H   2I   0K   2L   0M   1N   0P   2Q   0R   2S   1T   1V   0W   2Y
  1A   2C   0D   2E   3F   3G   2H   0I   1K   4L   0M   1N   1P   1Q   1R   1S   2T   3V   0W   2Y
  0A   4C   0D   2E   0F   2G   0H   2I   0K   2L   0M   1N   0P   2Q   0R   2S   1T   1V   0W   2Y
  1A   2C   0D   2E   3F   3G   2H   0I   1K   4L   0M   1N   1P   1Q   1R   1S   2T   3V   0W   2Y
  0A   4C   0D   2E   0F   2G   0H   2I   0K   2L   0M   1N   0P   2Q   0R   2S   1T   1V   0W   2Y
  1A   2C   0D   2E   3F   3G   2H   0I   1K   4L   0M   1N   1P   1Q   1R   1S   2T   3V   0W   2Y
  0A   4C   0D   2E   0F   2G   0H   2I   0K   2L   0M   1N   0P   2Q   0R   2S   1T   1V   0W   2Y
  1A   2C   0D   2E   3F   3G   2H   0I   1K   4L   0M   1N   1P   1Q   1R   1S   2T   3V   0W   2Y
  0A   4C   0D   2E   0F   2G   0H   2I   0K   2L   0M   1N   0P   2Q   0R   2S   1T   1V   0W   2Y
  1A   2C   0D   2E   3F   3G   2H   0I   1K   4L   0M   1N   1P   1Q   1R   1S   2T   3V   0W   2Y
  0A   4C   0D   2E   0F   2G   0H   2I   0K   2L   0M   1N   0P   2Q   0R   2S   1T   1V   0W   2Y
  1A   2C   0D   2E   3F   3G   2H   0I   1K   4L   0M   1N   1P   1Q   1R   1S   2T   3V   0W   2Y
  0A   4C   0D   2E   0F   2G   0H   2I   0K   2L   0M   1N   0P   2Q   0R   2S   1T   1V   0W   2Y
  1A   2C   0D   2E   3F   3G   2H   0I   1K   4L   0M   1N   1P   1Q   1R   1S   2T   3V   0W   2Y
  0A   4C   0D   2E   0F   2G   0H   2I   0K   2L   0M   1N   0P   2Q   0R   2S   1T   1V   0W   2Y
  1A   2C   0D   2E   3F   3G   2H   0I   1K   4L   0M   1N   1P   1Q   1R   1S   2T   3V   0W   2Y
  0A   4C   0D   2E   0F   2G   0H   2I   0K   2L   0M   1N   0P   2Q   0R   2S   1T   1V   0W   2Y
Entropic penalty T*dS for chain B =   19.26
Entropic penalty T*dS for chain A =   14.57
Entropic penalty T*dS for chain D =   19.28
Entropic penalty T*dS for chain C =   14.55
Entropic penalty T*dS for chain F =   19.28
Entropic penalty T*dS for chain E =   14.54
Entropic penalty T*dS for chain H =   19.12
Entropic penalty T*dS for chain G =   14.55
Entropic penalty T*dS for chain J =   14.85
Entropic penalty T*dS for chain I =   11.84
Entropic penalty T*dS for chain L =   13.92
Entropic penalty T*dS for chain K =   11.82
Entropic penalty T*dS for chain N =   14.55
Entropic penalty T*dS for chain M =   11.15
Entropic penalty T*dS for chain P =   15.16
Entropic penalty T*dS for chain O =   11.18
Entropic penalty T*dS for chain R =   19.16
Entropic penalty T*dS for chain Q =   14.56
Entropic penalty T*dS for chain T =   19.22
Entropic penalty T*dS for chain S =   14.57
Buried ASN B    3 ND2 has 1 hbonds, sasa=   1.1 conspiring with ASN B    3 OD1 has 1 hbonds, sasa=   0.2
Buried ASN B    3 OD1 has 1 hbonds, sasa=   0.2 conspiring with ASN B    3 ND2 has 1 hbonds, sasa=   1.1
Solvation free energy for chain B with nresid=   30 is  -42.1 kcal/mol or -1.402 kcal/aa using kluge 7.2 at pH  0.7 TdS=   19.26 dG=  -22.80 dG/res=   -0.76 nHBsatisf=   56 nHBunsatisf=   26 HBunsat/residue= 0.87 nHBunsatburied=   17 HBunsatburied/residue= 0.57
Buried GLN A    5 NE2 has 2 hbonds, sasa=   0.0 conspiring with GLN A    5 OE1 has 2 hbonds, sasa=   0.0
Buried GLN A    5 OE1 has 2 hbonds, sasa=   0.0 conspiring with GLN A    5 NE2 has 2 hbonds, sasa=   0.0
Buried ASN A   18 ND2 has 2 hbonds, sasa=   0.0 conspiring with ASN A   18 OD1 has 1 hbonds, sasa=   0.0
Buried ASN A   18 OD1 has 1 hbonds, sasa=   0.0 conspiring with ASN A   18 ND2 has 2 hbonds, sasa=   0.0
Solvation free energy for chain A with nresid=   21 is  -20.2 kcal/mol or -0.961 kcal/aa using kluge 7.2 at pH  0.7 TdS=   14.57 dG=   -5.62 dG/res=   -0.27 nHBsatisf=   47 nHBunsatisf=   11 HBunsat/residue= 0.52 nHBunsatburied=    7 HBunsatburied/residue= 0.33
Buried ASN D    3 ND2 has 1 hbonds, sasa=   1.2 conspiring with ASN D    3 OD1 has 1 hbonds, sasa=   0.1
Buried ASN D    3 OD1 has 1 hbonds, sasa=   0.1 conspiring with ASN D    3 ND2 has 1 hbonds, sasa=   1.2
Solvation free energy for chain D with nresid=   30 is  -42.2 kcal/mol or -1.408 kcal/aa using kluge 7.2 at pH  0.7 TdS=   19.28 dG=  -22.97 dG/res=   -0.77 nHBsatisf=   57 nHBunsatisf=   25 HBunsat/residue= 0.83 nHBunsatburied=   16 HBunsatburied/residue= 0.53
Buried GLN C    5 NE2 has 2 hbonds, sasa=   0.0 conspiring with GLN C    5 OE1 has 2 hbonds, sasa=   0.0
Buried GLN C    5 OE1 has 2 hbonds, sasa=   0.0 conspiring with GLN C    5 NE2 has 2 hbonds, sasa=   0.0
Buried ASN C   18 ND2 has 3 hbonds, sasa=   0.0 conspiring with ASN C   18 OD1 has 1 hbonds, sasa=   0.0
Buried ASN C   18 OD1 has 1 hbonds, sasa=   0.0 conspiring with ASN C   18 ND2 has 3 hbonds, sasa=   0.0
Solvation free energy for chain C with nresid=   21 is  -19.8 kcal/mol or -0.941 kcal/aa using kluge 7.2 at pH  0.7 TdS=   14.55 dG=   -5.20 dG/res=   -0.25 nHBsatisf=   44 nHBunsatisf=   14 HBunsat/residue= 0.67 nHBunsatburied=   10 HBunsatburied/residue= 0.48
Buried ASN F    3 ND2 has 1 hbonds, sasa=   1.6 conspiring with ASN F    3 OD1 has 1 hbonds, sasa=   0.0
Buried ASN F    3 OD1 has 1 hbonds, sasa=   0.0 conspiring with ASN F    3 ND2 has 1 hbonds, sasa=   1.6
Solvation free energy for chain F with nresid=   30 is  -42.3 kcal/mol or -1.409 kcal/aa using kluge 7.2 at pH  0.7 TdS=   19.28 dG=  -22.98 dG/res=   -0.77 nHBsatisf=   57 nHBunsatisf=   25 HBunsat/residue= 0.83 nHBunsatburied=   16 HBunsatburied/residue= 0.53
Buried GLN E    5 NE2 has 2 hbonds, sasa=   0.0 conspiring with GLN E    5 OE1 has 2 hbonds, sasa=   0.0
Buried GLN E    5 OE1 has 2 hbonds, sasa=   0.0 conspiring with GLN E    5 NE2 has 2 hbonds, sasa=   0.0
Buried ASN E   18 ND2 has 3 hbonds, sasa=   0.0 conspiring with ASN E   18 OD1 has 1 hbonds, sasa=   0.0
Buried ASN E   18 OD1 has 1 hbonds, sasa=   0.0 conspiring with ASN E   18 ND2 has 3 hbonds, sasa=   0.0
Solvation free energy for chain E with nresid=   21 is  -19.5 kcal/mol or -0.930 kcal/aa using kluge 7.2 at pH  0.7 TdS=   14.54 dG=   -4.99 dG/res=   -0.24 nHBsatisf=   43 nHBunsatisf=   15 HBunsat/residue= 0.71 nHBunsatburied=   11 HBunsatburied/residue= 0.52
Buried ASN H    3 ND2 has 1 hbonds, sasa=   1.4 conspiring with ASN H    3 OD1 has 1 hbonds, sasa=   0.2
Buried ASN H    3 OD1 has 1 hbonds, sasa=   0.2 conspiring with ASN H    3 ND2 has 1 hbonds, sasa=   1.4
Solvation free energy for chain H with nresid=   30 is  -42.3 kcal/mol or -1.411 kcal/aa using kluge 7.2 at pH  0.7 TdS=   19.12 dG=  -23.21 dG/res=   -0.77 nHBsatisf=   58 nHBunsatisf=   24 HBunsat/residue= 0.80 nHBunsatburied=   15 HBunsatburied/residue= 0.50
Buried GLN G    5 NE2 has 2 hbonds, sasa=   0.0 conspiring with GLN G    5 OE1 has 2 hbonds, sasa=   0.0
Buried GLN G    5 OE1 has 2 hbonds, sasa=   0.0 conspiring with GLN G    5 NE2 has 2 hbonds, sasa=   0.0
Buried ASN G   18 ND2 has 3 hbonds, sasa=   0.0 conspiring with ASN G   18 OD1 has 1 hbonds, sasa=   0.0
Buried ASN G   18 OD1 has 1 hbonds, sasa=   0.0 conspiring with ASN G   18 ND2 has 3 hbonds, sasa=   0.0
Solvation free energy for chain G with nresid=   21 is  -19.7 kcal/mol or -0.936 kcal/aa using kluge 7.2 at pH  0.7 TdS=   14.55 dG=   -5.11 dG/res=   -0.24 nHBsatisf=   44 nHBunsatisf=   14 HBunsat/residue= 0.67 nHBunsatburied=   10 HBunsatburied/residue= 0.48
Solvation free energy for chain J with nresid=   30 is  -32.4 kcal/mol or -1.079 kcal/aa using kluge 7.2 at pH  0.7 TdS=   14.85 dG=  -17.53 dG/res=   -0.58 nHBsatisf=   39 nHBunsatisf=   43 HBunsat/residue= 1.43 nHBunsatburied=   17 HBunsatburied/residue= 0.57
Buried GLN I    5 NE2 has 1 hbonds, sasa=   3.2 conspiring with GLN I    5 OE1 has 2 hbonds, sasa=   0.0
Buried GLN I    5 OE1 has 2 hbonds, sasa=   0.0 conspiring with GLN I    5 NE2 has 1 hbonds, sasa=   3.2
Solvation free energy for chain I with nresid=   21 is  -13.5 kcal/mol or -0.641 kcal/aa using kluge 7.2 at pH  0.7 TdS=   11.84 dG=   -1.61 dG/res=   -0.08 nHBsatisf=   32 nHBunsatisf=   26 HBunsat/residue= 1.24 nHBunsatburied=   12 HBunsatburied/residue= 0.57
Solvation free energy for chain L with nresid=   30 is  -30.3 kcal/mol or -1.011 kcal/aa using kluge 7.2 at pH  0.7 TdS=   13.92 dG=  -16.42 dG/res=   -0.55 nHBsatisf=   38 nHBunsatisf=   44 HBunsat/residue= 1.47 nHBunsatburied=   17 HBunsatburied/residue= 0.57
Buried GLN K    5 NE2 has 1 hbonds, sasa=   3.6 conspiring with GLN K    5 OE1 has 2 hbonds, sasa=   0.0
Buried GLN K    5 OE1 has 2 hbonds, sasa=   0.0 conspiring with GLN K    5 NE2 has 1 hbonds, sasa=   3.6
Solvation free energy for chain K with nresid=   21 is  -13.6 kcal/mol or -0.646 kcal/aa using kluge 7.2 at pH  0.7 TdS=   11.82 dG=   -1.74 dG/res=   -0.08 nHBsatisf=   32 nHBunsatisf=   26 HBunsat/residue= 1.24 nHBunsatburied=   12 HBunsatburied/residue= 0.57
Solvation free energy for chain N with nresid=   30 is  -28.3 kcal/mol or -0.942 kcal/aa using kluge 7.2 at pH  0.7 TdS=   14.55 dG=  -13.71 dG/res=   -0.46 nHBsatisf=   35 nHBunsatisf=   47 HBunsat/residue= 1.57 nHBunsatburied=   26 HBunsatburied/residue= 0.87
Buried ASN M   18 ND2 has 2 hbonds, sasa=   0.0 conspiring with ASN M   18 OD1 has 1 hbonds, sasa=   3.9
Buried ASN M   18 OD1 has 1 hbonds, sasa=   3.9 conspiring with ASN M   18 ND2 has 2 hbonds, sasa=   0.0
Solvation free energy for chain M with nresid=   21 is  -11.7 kcal/mol or -0.557 kcal/aa using kluge 7.2 at pH  0.7 TdS=   11.15 dG=   -0.55 dG/res=   -0.03 nHBsatisf=   30 nHBunsatisf=   28 HBunsat/residue= 1.33 nHBunsatburied=   16 HBunsatburied/residue= 0.76
Solvation free energy for chain P with nresid=   30 is  -31.1 kcal/mol or -1.035 kcal/aa using kluge 7.2 at pH  0.7 TdS=   15.16 dG=  -15.91 dG/res=   -0.53 nHBsatisf=   35 nHBunsatisf=   47 HBunsat/residue= 1.57 nHBunsatburied=   25 HBunsatburied/residue= 0.83
Buried ASN O   18 ND2 has 2 hbonds, sasa=   0.0 conspiring with ASN O   18 OD1 has 1 hbonds, sasa=   3.3
Buried ASN O   18 OD1 has 1 hbonds, sasa=   3.3 conspiring with ASN O   18 ND2 has 2 hbonds, sasa=   0.0
Solvation free energy for chain O with nresid=   21 is  -11.8 kcal/mol or -0.560 kcal/aa using kluge 7.2 at pH  0.7 TdS=   11.18 dG=   -0.58 dG/res=   -0.03 nHBsatisf=   30 nHBunsatisf=   28 HBunsat/residue= 1.33 nHBunsatburied=   16 HBunsatburied/residue= 0.76
Buried ASN R    3 ND2 has 1 hbonds, sasa=   1.6 conspiring with ASN R    3 OD1 has 1 hbonds, sasa=   0.4
Buried ASN R    3 OD1 has 1 hbonds, sasa=   0.4 conspiring with ASN R    3 ND2 has 1 hbonds, sasa=   1.6
Solvation free energy for chain R with nresid=   30 is  -41.8 kcal/mol or -1.394 kcal/aa using kluge 7.2 at pH  0.7 TdS=   19.16 dG=  -22.67 dG/res=   -0.76 nHBsatisf=   55 nHBunsatisf=   27 HBunsat/residue= 0.90 nHBunsatburied=   18 HBunsatburied/residue= 0.60
Buried GLN Q    5 NE2 has 2 hbonds, sasa=   0.0 conspiring with GLN Q    5 OE1 has 1 hbonds, sasa=   0.0
Buried GLN Q    5 OE1 has 1 hbonds, sasa=   0.0 conspiring with GLN Q    5 NE2 has 2 hbonds, sasa=   0.0
Buried ASN Q   18 ND2 has 3 hbonds, sasa=   0.0 conspiring with ASN Q   18 OD1 has 1 hbonds, sasa=   0.0
Buried ASN Q   18 OD1 has 1 hbonds, sasa=   0.0 conspiring with ASN Q   18 ND2 has 3 hbonds, sasa=   0.0
Solvation free energy for chain Q with nresid=   21 is  -19.7 kcal/mol or -0.938 kcal/aa using kluge 7.2 at pH  0.7 TdS=   14.56 dG=   -5.13 dG/res=   -0.24 nHBsatisf=   43 nHBunsatisf=   15 HBunsat/residue= 0.71 nHBunsatburied=   11 HBunsatburied/residue= 0.52
Buried ASN T    3 ND2 has 1 hbonds, sasa=   1.7 conspiring with ASN T    3 OD1 has 1 hbonds, sasa=   0.2
Buried ASN T    3 OD1 has 1 hbonds, sasa=   0.2 conspiring with ASN T    3 ND2 has 1 hbonds, sasa=   1.7
Solvation free energy for chain T with nresid=   30 is  -41.9 kcal/mol or -1.397 kcal/aa using kluge 7.2 at pH  0.7 TdS=   19.22 dG=  -22.68 dG/res=   -0.76 nHBsatisf=   55 nHBunsatisf=   27 HBunsat/residue= 0.90 nHBunsatburied=   18 HBunsatburied/residue= 0.60
Buried GLN S    5 NE2 has 2 hbonds, sasa=   0.0 conspiring with GLN S    5 OE1 has 2 hbonds, sasa=   0.0
Buried GLN S    5 OE1 has 2 hbonds, sasa=   0.0 conspiring with GLN S    5 NE2 has 2 hbonds, sasa=   0.0
Buried ASN S   18 ND2 has 3 hbonds, sasa=   0.0 conspiring with ASN S   18 OD1 has 1 hbonds, sasa=   0.0
Buried ASN S   18 OD1 has 1 hbonds, sasa=   0.0 conspiring with ASN S   18 ND2 has 3 hbonds, sasa=   0.0
Solvation free energy for chain S with nresid=   21 is  -19.7 kcal/mol or -0.939 kcal/aa using kluge 7.2 at pH  0.7 TdS=   14.57 dG=   -5.15 dG/res=   -0.25 nHBsatisf=   43 nHBunsatisf=   15 HBunsat/residue= 0.71 nHBunsatburied=   11 HBunsatburied/residue= 0.52
